<?xml version="1.0" encoding="UTF-8"?>
<Site BuildName="Linux-aarch64-linux-gnu-g++-7"
	BuildStamp="20201004-0249-Experimental"
	Name="N2"
	Generator="ctest-3.10.2"
	CompilerName="/usr/bin/aarch64-linux-gnu-g++-7"
	CompilerVersion="7.5.0"
	OSName="Linux"
	Hostname="N2"
	OSRelease="4.9.219-72"
	OSVersion="#1 SMP PREEMPT Mon Apr 13 13:55:42 -03 2020"
	OSPlatform="aarch64"
	Is64Bits="1"
	VendorString=""
	VendorID="Unknown Manufacturer"
	FamilyID="8"
	ModelID="0"
	ProcessorCacheSize="0"
	NumberOfLogicalCPU="6"
	NumberOfPhysicalCPU="1"
	TotalVirtualMemory="1856"
	TotalPhysicalMemory="3712"
	LogicalProcessorsPerPhysical="6"
	ProcessorClockFrequency="0"
	>
	<Testing>
		<StartDateTime>Oct 04 11:49 KST</StartDateTime>
		<StartTestTime>1601779743</StartTestTime>
		<TestList/>
		<EndDateTime>Oct 04 11:49 KST</EndDateTime>
		<EndTestTime>1601779743</EndTestTime>
		<ElapsedMinutes>0</ElapsedMinutes>
	</Testing>
</Site>
